"Start of log file."
"C:/Users/19191763/Desktop/GAME_-~1/Assets/Visual/Models/Ice.max"
"Starting max loading and fbx conversion"
window = undefined
"Settings units"
"Before fbx export"
"After fbx export"
"Finished max loading and fbx conversion"
"C:/Users/19191763/Desktop/GAME_-~1/Assets/Visual/Models/Fire.max"
"Starting max loading and fbx conversion"
window = undefined
"Settings units"
"Before fbx export"
"After fbx export"
"Finished max loading and fbx conversion"
"C:/Users/19191763/Desktop/GAME_-~1/Assets/Visual/Models/DIVISI~1.MAX"
"Starting max loading and fbx conversion"
window = undefined
"Settings units"
"Before fbx export"
"After fbx export"
"Finished max loading and fbx conversion"
